<?xml version="1.0" encoding="UTF-8"?>
<!-- Generated by org.testng.reporters.JUnitReportReporter -->
<testsuite hostname="VIRUS" failures="0" tests="6" name="MyPackage.MyTestCases" time="0.158" errors="0" timestamp="2025-01-13T00:26:14 EET" skipped="0">
  <testcase classname="MyPackage.MyTestCases" name="CheckTheDefaultLangaugeIsEnglish" time="0.029"/>
  <system-out/>
  <testcase classname="MyPackage.MyTestCases" name="CheckTheDefaultCurrency" time="0.033"/>
  <system-out/>
  <testcase classname="MyPackage.MyTestCases" name="CheckTheMoblieNumber" time="0.019"/>
  <system-out/>
  <testcase classname="MyPackage.MyTestCases" name="CheckQitafLogo" time="0.042"/>
  <system-out/>
  <testcase classname="MyPackage.MyTestCases" name="CheckHotelTabIsNotSelected" time="0.016"/>
  <system-out/>
  <testcase classname="MyPackage.MyTestCases" name="CheckDepatureDate" time="0.019"/>
  <system-out/>
</testsuite> <!-- MyPackage.MyTestCases -->
