<?xml version="1.0" encoding="UTF-8"?>
<!-- Generated by org.testng.reporters.JUnitReportReporter -->
<testsuite hostname="VIRUS" failures="0" tests="8" name="MyPackage.MyTestCases" time="12.999" errors="0" timestamp="2025-01-14T05:43:14 EET" skipped="0">
  <testcase classname="MyPackage.MyTestCases" name="CheckTheDefaultLangaugeIsEnglish" time="0.041"/>
  <system-out/>
  <testcase classname="MyPackage.MyTestCases" name="CheckTheDefaultCurrency" time="0.025"/>
  <system-out/>
  <testcase classname="MyPackage.MyTestCases" name="CheckTheMoblieNumber" time="0.023"/>
  <system-out/>
  <testcase classname="MyPackage.MyTestCases" name="CheckQitafLogo" time="0.039"/>
  <system-out/>
  <testcase classname="MyPackage.MyTestCases" name="CheckHotelTabIsNotSelected" time="0.015"/>
  <system-out/>
  <testcase classname="MyPackage.MyTestCases" name="CheckDepatureDate" time="0.016"/>
  <system-out/>
  <testcase classname="MyPackage.MyTestCases" name="CheckReturnDate" time="0.014"/>
  <system-out/>
  <testcase classname="MyPackage.MyTestCases" name="RandomlyChangeWebSiteLanguage" time="12.826"/>
  <system-out/>
</testsuite> <!-- MyPackage.MyTestCases -->
